

Microchip MPLAB XC8 Assembler V2.35 build 20211206165544 
                                                                                               Thu May 12 00:43:08 2022

Microchip MPLAB XC8 C Compiler v2.35 (Free license) build 20211206165544 Og1 
     1                           	processor	16F887
     2                           	pagewidth 120
     3                           	opt	flic
     4                           	psect	cinit,global,class=CODE,merge=1,delta=2
     5                           	psect	bssCOMMON,global,class=COMMON,space=1,delta=1,noexec
     6                           	psect	cstackCOMMON,global,class=COMMON,space=1,delta=1,noexec
     7                           	psect	maintext,global,class=CODE,split=1,delta=2
     8                           	psect	text1,local,class=CODE,merge=1,delta=2
     9                           	psect	text2,local,class=CODE,merge=1,delta=2
    10                           	psect	intentry,global,class=CODE,delta=2
    11                           	psect	idloc,global,abs,ovrld,class=IDLOC,space=5,delta=2,noexec
    12                           	psect	config,global,abs,ovrld,class=CONFIG,space=4,delta=2,noexec
    13                           	dabs	1,0x7E,2
    14  0000                     
    15                           ; Version 2.40
    16                           ; Generated 17/11/2021 GMT
    17                           ; 
    18                           ; Copyright © 2021, Microchip Technology Inc. and its subsidiaries ("Microchip")
    19                           ; All rights reserved.
    20                           ; 
    21                           ; This software is developed by Microchip Technology Inc. and its subsidiaries ("Microch
      +                          ip").
    22                           ; 
    23                           ; Redistribution and use in source and binary forms, with or without modification, are
    24                           ; permitted provided that the following conditions are met:
    25                           ; 
    26                           ;     1. Redistributions of source code must retain the above copyright notice, this lis
      +                          t of
    27                           ;        conditions and the following disclaimer.
    28                           ; 
    29                           ;     2. Redistributions in binary form must reproduce the above copyright notice, this 
      +                          list
    30                           ;        of conditions and the following disclaimer in the documentation and/or other
    31                           ;        materials provided with the distribution. Publication is not required when
    32                           ;        this file is used in an embedded application.
    33                           ; 
    34                           ;     3. Microchip's name may not be used to endorse or promote products derived from th
      +                          is
    35                           ;        software without specific prior written permission.
    36                           ; 
    37                           ; THIS SOFTWARE IS PROVIDED BY MICROCHIP "AS IS" AND ANY EXPRESS OR IMPLIED WARRANTIES,
    38                           ; INCLUDING, BUT NOT LIMITED TO, THE IMPLIED WARRANTIES OF MERCHANTABILITY AND FITNESS F
      +                          OR
    39                           ; PURPOSE ARE DISCLAIMED.  IN NO EVENT SHALL MICROCHIP BE LIABLE FOR ANY DIRECT, INDIREC
      +                          T,
    40                           ; INCIDENTAL, SPECIAL, EXEMPLARY, OR CONSEQUENTIAL DAMAGES (INCLUDING BUT NOT LIMITED TO
    41                           ; PROCUREMENT OF SUBSTITUTE GOODS OR SERVICES; LOSS OF USE, DATA OR PROFITS; OR BUSINESS
    42                           ; INTERRUPTION) HOWSOEVER CAUSED AND ON ANY THEORY OF LIABILITY, WHETHER IN CONTRACT, ST
      +                          RICT
    43                           ; LIABILITY, OR TORT (INCLUDING NEGLIGENCE OR OTHERWISE) ARISING IN ANY WAY OUT OF THE U
      +                          SE OF
    44                           ; THIS SOFTWARE, EVEN IF ADVISED OF THE POSSIBILITY OF SUCH DAMAGE.
    45                           ; 
    46                           ; 
    47                           ; Code-generator required, PIC16F887 Definitions
    48                           ; 
    49                           ; SFR Addresses
    50  0000                     	;# 
    51  0001                     	;# 
    52  0002                     	;# 
    53  0003                     	;# 
    54  0004                     	;# 
    55  0005                     	;# 
    56  0006                     	;# 
    57  0007                     	;# 
    58  0008                     	;# 
    59  0009                     	;# 
    60  000A                     	;# 
    61  000B                     	;# 
    62  000C                     	;# 
    63  000D                     	;# 
    64  000E                     	;# 
    65  000E                     	;# 
    66  000F                     	;# 
    67  0010                     	;# 
    68  0011                     	;# 
    69  0012                     	;# 
    70  0013                     	;# 
    71  0014                     	;# 
    72  0015                     	;# 
    73  0015                     	;# 
    74  0016                     	;# 
    75  0017                     	;# 
    76  0018                     	;# 
    77  0019                     	;# 
    78  001A                     	;# 
    79  001B                     	;# 
    80  001B                     	;# 
    81  001C                     	;# 
    82  001D                     	;# 
    83  001E                     	;# 
    84  001F                     	;# 
    85  0081                     	;# 
    86  0085                     	;# 
    87  0086                     	;# 
    88  0087                     	;# 
    89  0088                     	;# 
    90  0089                     	;# 
    91  008C                     	;# 
    92  008D                     	;# 
    93  008E                     	;# 
    94  008F                     	;# 
    95  0090                     	;# 
    96  0091                     	;# 
    97  0092                     	;# 
    98  0093                     	;# 
    99  0093                     	;# 
   100  0093                     	;# 
   101  0094                     	;# 
   102  0095                     	;# 
   103  0096                     	;# 
   104  0097                     	;# 
   105  0098                     	;# 
   106  0099                     	;# 
   107  009A                     	;# 
   108  009B                     	;# 
   109  009C                     	;# 
   110  009D                     	;# 
   111  009E                     	;# 
   112  009F                     	;# 
   113  0105                     	;# 
   114  0107                     	;# 
   115  0108                     	;# 
   116  0109                     	;# 
   117  010C                     	;# 
   118  010C                     	;# 
   119  010D                     	;# 
   120  010E                     	;# 
   121  010F                     	;# 
   122  0185                     	;# 
   123  0187                     	;# 
   124  0188                     	;# 
   125  0189                     	;# 
   126  018C                     	;# 
   127  018D                     	;# 
   128  0000                     	;# 
   129  0001                     	;# 
   130  0002                     	;# 
   131  0003                     	;# 
   132  0004                     	;# 
   133  0005                     	;# 
   134  0006                     	;# 
   135  0007                     	;# 
   136  0008                     	;# 
   137  0009                     	;# 
   138  000A                     	;# 
   139  000B                     	;# 
   140  000C                     	;# 
   141  000D                     	;# 
   142  000E                     	;# 
   143  000E                     	;# 
   144  000F                     	;# 
   145  0010                     	;# 
   146  0011                     	;# 
   147  0012                     	;# 
   148  0013                     	;# 
   149  0014                     	;# 
   150  0015                     	;# 
   151  0015                     	;# 
   152  0016                     	;# 
   153  0017                     	;# 
   154  0018                     	;# 
   155  0019                     	;# 
   156  001A                     	;# 
   157  001B                     	;# 
   158  001B                     	;# 
   159  001C                     	;# 
   160  001D                     	;# 
   161  001E                     	;# 
   162  001F                     	;# 
   163  0081                     	;# 
   164  0085                     	;# 
   165  0086                     	;# 
   166  0087                     	;# 
   167  0088                     	;# 
   168  0089                     	;# 
   169  008C                     	;# 
   170  008D                     	;# 
   171  008E                     	;# 
   172  008F                     	;# 
   173  0090                     	;# 
   174  0091                     	;# 
   175  0092                     	;# 
   176  0093                     	;# 
   177  0093                     	;# 
   178  0093                     	;# 
   179  0094                     	;# 
   180  0095                     	;# 
   181  0096                     	;# 
   182  0097                     	;# 
   183  0098                     	;# 
   184  0099                     	;# 
   185  009A                     	;# 
   186  009B                     	;# 
   187  009C                     	;# 
   188  009D                     	;# 
   189  009E                     	;# 
   190  009F                     	;# 
   191  0105                     	;# 
   192  0107                     	;# 
   193  0108                     	;# 
   194  0109                     	;# 
   195  010C                     	;# 
   196  010C                     	;# 
   197  010D                     	;# 
   198  010E                     	;# 
   199  010F                     	;# 
   200  0185                     	;# 
   201  0187                     	;# 
   202  0188                     	;# 
   203  0189                     	;# 
   204  018C                     	;# 
   205  018D                     	;# 
   206  0014                     _SSPCONbits	set	20
   207  0007                     _PORTC	set	7
   208  0005                     _PORTA	set	5
   209  0013                     _SSPBUF	set	19
   210  000C                     _PIR1bits	set	12
   211  0006                     _PORTBbits	set	6
   212  000B                     _INTCONbits	set	11
   213  008C                     _PIE1bits	set	140
   214  0096                     _IOCBbits	set	150
   215  0095                     _WPUBbits	set	149
   216  0081                     _OPTION_REGbits	set	129
   217  0086                     _TRISBbits	set	134
   218  008F                     _OSCCONbits	set	143
   219  0087                     _TRISC	set	135
   220  0085                     _TRISA	set	133
   221  0094                     _SSPSTATbits	set	148
   222  0188                     _ANSEL	set	392
   223  0189                     _ANSELH	set	393
   224                           
   225                           	psect	cinit
   226  000F                     start_initialization:	
   227                           ; #config settings
   228                           
   229  000F                     __initialization:
   230                           
   231                           ; Clear objects allocated to COMMON
   232  000F  01F4               	clrf	__pbssCOMMON& (0+127)
   233  0010  01F5               	clrf	(__pbssCOMMON+1)& (0+127)
   234  0011                     end_of_initialization:	
   235                           ;End of C runtime variable initialization code
   236                           
   237  0011                     __end_of__initialization:
   238  0011  0183               	clrf	3
   239  0012  120A  118A  2883   	ljmp	_main	;jump to C main() function
   240                           
   241                           	psect	bssCOMMON
   242  0074                     __pbssCOMMON:
   243  0074                     _val_temporal:
   244  0074                     	ds	1
   245  0075                     _cont_slave:
   246  0075                     	ds	1
   247                           
   248                           	psect	cstackCOMMON
   249  0070                     __pcstackCOMMON:
   250  0070                     ?_setup:
   251  0070                     ?_isr:	
   252                           ; 1 bytes @ 0x0
   253                           
   254  0070                     ??_isr:	
   255                           ; 1 bytes @ 0x0
   256                           
   257  0070                     ?_main:	
   258                           ; 1 bytes @ 0x0
   259                           
   260                           
   261                           ; 1 bytes @ 0x0
   262  0070                     	ds	4
   263  0074                     ??_setup:
   264  0074                     ??_main:	
   265                           ; 1 bytes @ 0x4
   266                           
   267                           
   268                           	psect	maintext
   269  0083                     __pmaintext:	
   270                           ; 1 bytes @ 0x4
   271 ;;
   272 ;;Main: autosize = 0, tempsize = 0, incstack = 0, save=0
   273 ;;
   274 ;; *************** function _main *****************
   275 ;; Defined at:
   276 ;;		line 51 in file "SPI_SLAVE.c"
   277 ;; Parameters:    Size  Location     Type
   278 ;;		None
   279 ;; Auto vars:     Size  Location     Type
   280 ;;		None
   281 ;; Return value:  Size  Location     Type
   282 ;;                  1    wreg      void 
   283 ;; Registers used:
   284 ;;		wreg, status,2, status,0, pclath, cstack
   285 ;; Tracked objects:
   286 ;;		On entry : B00/0
   287 ;;		On exit  : 0/0
   288 ;;		Unchanged: 0/0
   289 ;; Data sizes:     COMMON   BANK0   BANK1   BANK3   BANK2
   290 ;;      Params:         0       0       0       0       0
   291 ;;      Locals:         0       0       0       0       0
   292 ;;      Temps:          0       0       0       0       0
   293 ;;      Totals:         0       0       0       0       0
   294 ;;Total ram usage:        0 bytes
   295 ;; Hardware stack levels required when called: 2
   296 ;; This function calls:
   297 ;;		_setup
   298 ;; This function is called by:
   299 ;;		Startup code after reset
   300 ;; This function uses a non-reentrant model
   301 ;;
   302                           
   303  0083                     _main:	
   304                           ;psect for function _main
   305                           
   306  0083                     l722:	
   307                           ;incstack = 0
   308                           ; Regs used in _main: [wreg+status,2+status,0+pclath+cstack]
   309                           
   310                           
   311                           ;SPI_SLAVE.c: 52:     setup();
   312  0083  120A  118A  2015  120A  118A  	fcall	_setup
   313  0088                     l62:	
   314                           ;SPI_SLAVE.c: 53:     while(1){
   315                           
   316  0088                     l63:	
   317                           ;SPI_SLAVE.c: 55:     }
   318                           
   319  0088  2888               	goto	l62
   320  0089  120A  118A  280C   	ljmp	start
   321  008C                     __end_of_main:
   322                           
   323                           	psect	text1
   324  0015                     __ptext1:	
   325 ;; *************** function _setup *****************
   326 ;; Defined at:
   327 ;;		line 59 in file "SPI_SLAVE.c"
   328 ;; Parameters:    Size  Location     Type
   329 ;;		None
   330 ;; Auto vars:     Size  Location     Type
   331 ;;		None
   332 ;; Return value:  Size  Location     Type
   333 ;;                  1    wreg      void 
   334 ;; Registers used:
   335 ;;		wreg, status,2, status,0
   336 ;; Tracked objects:
   337 ;;		On entry : 0/0
   338 ;;		On exit  : 0/0
   339 ;;		Unchanged: 0/0
   340 ;; Data sizes:     COMMON   BANK0   BANK1   BANK3   BANK2
   341 ;;      Params:         0       0       0       0       0
   342 ;;      Locals:         0       0       0       0       0
   343 ;;      Temps:          0       0       0       0       0
   344 ;;      Totals:         0       0       0       0       0
   345 ;;Total ram usage:        0 bytes
   346 ;; Hardware stack levels used: 1
   347 ;; Hardware stack levels required when called: 1
   348 ;; This function calls:
   349 ;;		Nothing
   350 ;; This function is called by:
   351 ;;		_main
   352 ;; This function uses a non-reentrant model
   353 ;;
   354                           
   355  0015                     _setup:	
   356                           ;psect for function _setup
   357                           
   358  0015                     l660:	
   359                           ;incstack = 0
   360                           ; Regs used in _setup: [wreg+status,2+status,0]
   361                           
   362                           
   363                           ;SPI_SLAVE.c: 60:     ANSELH = 0x00;
   364  0015  1683               	bsf	3,5	;RP0=1, select bank3
   365  0016  1703               	bsf	3,6	;RP1=1, select bank3
   366  0017  0189               	clrf	9	;volatile
   367                           
   368                           ;SPI_SLAVE.c: 61:     ANSEL =0x00;
   369  0018  0188               	clrf	8	;volatile
   370  0019                     l662:
   371                           
   372                           ;SPI_SLAVE.c: 63:     TRISA = 0b00100000;
   373  0019  3020               	movlw	32
   374  001A  1683               	bsf	3,5	;RP0=1, select bank1
   375  001B  1303               	bcf	3,6	;RP1=0, select bank1
   376  001C  0085               	movwf	5	;volatile
   377  001D                     l664:
   378                           
   379                           ;SPI_SLAVE.c: 64:     PORTA = 0X00;
   380  001D  1283               	bcf	3,5	;RP0=0, select bank0
   381  001E  1303               	bcf	3,6	;RP1=0, select bank0
   382  001F  0185               	clrf	5	;volatile
   383                           
   384                           ;SPI_SLAVE.c: 66:     TRISC = 0b00011000;
   385  0020  3018               	movlw	24
   386  0021  1683               	bsf	3,5	;RP0=1, select bank1
   387  0022  1303               	bcf	3,6	;RP1=0, select bank1
   388  0023  0087               	movwf	7	;volatile
   389  0024                     l666:
   390                           
   391                           ;SPI_SLAVE.c: 67:     PORTC = 0x00;
   392  0024  1283               	bcf	3,5	;RP0=0, select bank0
   393  0025  1303               	bcf	3,6	;RP1=0, select bank0
   394  0026  0187               	clrf	7	;volatile
   395  0027                     l668:
   396                           
   397                           ;SPI_SLAVE.c: 69:     OSCCONbits.IRCF = 0b0100;
   398  0027  1683               	bsf	3,5	;RP0=1, select bank1
   399  0028  1303               	bcf	3,6	;RP1=0, select bank1
   400  0029  080F               	movf	15,w	;volatile
   401  002A  398F               	andlw	-113
   402  002B  3840               	iorlw	64
   403  002C  008F               	movwf	15	;volatile
   404  002D                     l670:
   405                           
   406                           ;SPI_SLAVE.c: 70:     OSCCONbits.SCS = 1;
   407  002D  140F               	bsf	15,0	;volatile
   408  002E                     l672:
   409                           
   410                           ;SPI_SLAVE.c: 73:     SSPCONbits.SSPM = 0b0100;
   411  002E  1283               	bcf	3,5	;RP0=0, select bank0
   412  002F  1303               	bcf	3,6	;RP1=0, select bank0
   413  0030  0814               	movf	20,w	;volatile
   414  0031  39F0               	andlw	-16
   415  0032  3804               	iorlw	4
   416  0033  0094               	movwf	20	;volatile
   417  0034                     l674:
   418                           
   419                           ;SPI_SLAVE.c: 74:     SSPCONbits.CKP = 0;
   420  0034  1214               	bcf	20,4	;volatile
   421  0035                     l676:
   422                           
   423                           ;SPI_SLAVE.c: 75:     SSPCONbits.SSPEN = 1;
   424  0035  1694               	bsf	20,5	;volatile
   425  0036                     l678:
   426                           
   427                           ;SPI_SLAVE.c: 77:     SSPSTATbits.CKE = 1;
   428  0036  1683               	bsf	3,5	;RP0=1, select bank1
   429  0037  1303               	bcf	3,6	;RP1=0, select bank1
   430  0038  1714               	bsf	20,6	;volatile
   431  0039                     l680:
   432                           
   433                           ;SPI_SLAVE.c: 78:     SSPSTATbits.SMP = 0;
   434  0039  1394               	bcf	20,7	;volatile
   435  003A                     l682:
   436                           
   437                           ;SPI_SLAVE.c: 81:     TRISBbits.TRISB0 = 1;
   438  003A  1406               	bsf	6,0	;volatile
   439  003B                     l684:
   440                           
   441                           ;SPI_SLAVE.c: 82:     TRISBbits.TRISB1 = 1;
   442  003B  1486               	bsf	6,1	;volatile
   443  003C                     l686:
   444                           
   445                           ;SPI_SLAVE.c: 83:     OPTION_REGbits.nRBPU = 0;
   446  003C  1381               	bcf	1,7	;volatile
   447  003D                     l688:
   448                           
   449                           ;SPI_SLAVE.c: 84:     WPUBbits.WPUB = 0x03;
   450  003D  3003               	movlw	3
   451  003E  0095               	movwf	21	;volatile
   452  003F                     l690:
   453                           
   454                           ;SPI_SLAVE.c: 85:     IOCBbits.IOCB = 0x03;
   455  003F  3003               	movlw	3
   456  0040  0096               	movwf	22	;volatile
   457  0041                     l692:
   458                           
   459                           ;SPI_SLAVE.c: 88:     INTCONbits.RBIE = 1;
   460  0041  158B               	bsf	11,3	;volatile
   461  0042                     l694:
   462                           
   463                           ;SPI_SLAVE.c: 89:     INTCONbits.RBIF = 0;
   464  0042  100B               	bcf	11,0	;volatile
   465  0043                     l696:
   466                           
   467                           ;SPI_SLAVE.c: 90:     PIR1bits.SSPIF = 0;
   468  0043  1283               	bcf	3,5	;RP0=0, select bank0
   469  0044  1303               	bcf	3,6	;RP1=0, select bank0
   470  0045  118C               	bcf	12,3	;volatile
   471  0046                     l698:
   472                           
   473                           ;SPI_SLAVE.c: 91:     PIE1bits.SSPIE = 1;
   474  0046  1683               	bsf	3,5	;RP0=1, select bank1
   475  0047  1303               	bcf	3,6	;RP1=0, select bank1
   476  0048  158C               	bsf	12,3	;volatile
   477  0049                     l700:
   478                           
   479                           ;SPI_SLAVE.c: 92:     INTCONbits.PEIE = 1;
   480  0049  170B               	bsf	11,6	;volatile
   481  004A                     l702:
   482                           
   483                           ;SPI_SLAVE.c: 93:     INTCONbits.GIE = 1;
   484  004A  178B               	bsf	11,7	;volatile
   485  004B                     l68:
   486  004B  0008               	return
   487  004C                     __end_of_setup:
   488                           
   489                           	psect	text2
   490  004C                     __ptext2:	
   491 ;; *************** function _isr *****************
   492 ;; Defined at:
   493 ;;		line 33 in file "SPI_SLAVE.c"
   494 ;; Parameters:    Size  Location     Type
   495 ;;		None
   496 ;; Auto vars:     Size  Location     Type
   497 ;;		None
   498 ;; Return value:  Size  Location     Type
   499 ;;                  1    wreg      void 
   500 ;; Registers used:
   501 ;;		wreg, status,2, status,0
   502 ;; Tracked objects:
   503 ;;		On entry : 0/0
   504 ;;		On exit  : 0/0
   505 ;;		Unchanged: 0/0
   506 ;; Data sizes:     COMMON   BANK0   BANK1   BANK3   BANK2
   507 ;;      Params:         0       0       0       0       0
   508 ;;      Locals:         0       0       0       0       0
   509 ;;      Temps:          4       0       0       0       0
   510 ;;      Totals:         4       0       0       0       0
   511 ;;Total ram usage:        4 bytes
   512 ;; Hardware stack levels used: 1
   513 ;; This function calls:
   514 ;;		Nothing
   515 ;; This function is called by:
   516 ;;		Interrupt level 1
   517 ;; This function uses a non-reentrant model
   518 ;;
   519                           
   520  004C                     _isr:	
   521                           ;psect for function _isr
   522                           
   523  004C                     i1l704:
   524                           
   525                           ;SPI_SLAVE.c: 34:     if(INTCONbits.RBIF){
   526  004C  1C0B               	btfss	11,0	;volatile
   527  004D  284F               	goto	u1_21
   528  004E  2850               	goto	u1_20
   529  004F                     u1_21:
   530  004F  2862               	goto	i1l49
   531  0050                     u1_20:
   532  0050                     i1l706:
   533                           
   534                           ;SPI_SLAVE.c: 35:         if (!PORTBbits.RB0)
   535  0050  1283               	bcf	3,5	;RP0=0, select bank0
   536  0051  1303               	bcf	3,6	;RP1=0, select bank0
   537  0052  1806               	btfsc	6,0	;volatile
   538  0053  2855               	goto	u2_21
   539  0054  2856               	goto	u2_20
   540  0055                     u2_21:
   541  0055  285A               	goto	i1l710
   542  0056                     u2_20:
   543  0056                     i1l708:
   544                           
   545                           ;SPI_SLAVE.c: 36:             ++cont_slave;
   546  0056  3001               	movlw	1
   547  0057  00F0               	movwf	??_isr
   548  0058  0870               	movf	??_isr,w
   549  0059  07F5               	addwf	_cont_slave,f
   550  005A                     i1l710:
   551                           
   552                           ;SPI_SLAVE.c: 37:         if(!PORTBbits.RB1)
   553  005A  1886               	btfsc	6,1	;volatile
   554  005B  285D               	goto	u3_21
   555  005C  285E               	goto	u3_20
   556  005D                     u3_21:
   557  005D  2860               	goto	i1l714
   558  005E                     u3_20:
   559  005E                     i1l712:
   560                           
   561                           ;SPI_SLAVE.c: 38:             --cont_slave;
   562  005E  3001               	movlw	1
   563  005F  02F5               	subwf	_cont_slave,f
   564  0060                     i1l714:
   565                           
   566                           ;SPI_SLAVE.c: 39:         INTCONbits.RBIF = 0;
   567  0060  100B               	bcf	11,0	;volatile
   568                           
   569                           ;SPI_SLAVE.c: 40:     }
   570  0061  287C               	goto	i1l57
   571  0062                     i1l49:	
   572                           ;SPI_SLAVE.c: 41:     else if (PIR1bits.SSPIF){
   573                           
   574  0062  1283               	bcf	3,5	;RP0=0, select bank0
   575  0063  1303               	bcf	3,6	;RP1=0, select bank0
   576  0064  1D8C               	btfss	12,3	;volatile
   577  0065  2867               	goto	u4_21
   578  0066  2868               	goto	u4_20
   579  0067                     u4_21:
   580  0067  287C               	goto	i1l57
   581  0068                     u4_20:
   582  0068                     i1l716:
   583                           
   584                           ;SPI_SLAVE.c: 43:         SSPBUF = cont_slave;
   585  0068  0875               	movf	_cont_slave,w
   586  0069  0093               	movwf	19	;volatile
   587  006A                     i1l54:	
   588                           ;SPI_SLAVE.c: 44:         while (!SSPSTATbits.BF){}
   589                           
   590  006A  1683               	bsf	3,5	;RP0=1, select bank1
   591  006B  1303               	bcf	3,6	;RP1=0, select bank1
   592  006C  1C14               	btfss	20,0	;volatile
   593  006D  286F               	goto	u5_21
   594  006E  2870               	goto	u5_20
   595  006F                     u5_21:
   596  006F  286A               	goto	i1l54
   597  0070                     u5_20:
   598  0070                     i1l718:
   599                           
   600                           ;SPI_SLAVE.c: 45:         _delay((unsigned long)((10)*(1000000/4000.0)));
   601  0070  3004               	movlw	4
   602  0071  00F1               	movwf	??_isr+1
   603  0072  303D               	movlw	61
   604  0073  00F0               	movwf	??_isr
   605  0074                     u6_27:
   606  0074  0BF0               	decfsz	??_isr,f
   607  0075  2874               	goto	u6_27
   608  0076  0BF1               	decfsz	??_isr+1,f
   609  0077  2874               	goto	u6_27
   610  0078  2879               	nop2
   611  0079                     i1l720:
   612                           
   613                           ;SPI_SLAVE.c: 47:         PIR1bits.SSPIF = 0;
   614  0079  1283               	bcf	3,5	;RP0=0, select bank0
   615  007A  1303               	bcf	3,6	;RP1=0, select bank0
   616  007B  118C               	bcf	12,3	;volatile
   617  007C                     i1l57:
   618  007C  0873               	movf	??_isr+3,w
   619  007D  008A               	movwf	10
   620  007E  0E72               	swapf	??_isr+2,w
   621  007F  0083               	movwf	3
   622  0080  0EFE               	swapf	btemp,f
   623  0081  0E7E               	swapf	btemp,w
   624  0082  0009               	retfie
   625  0083                     __end_of_isr:
   626  007E                     btemp	set	126	;btemp
   627  007E                     wtemp0	set	126
   628                           
   629                           	psect	intentry
   630  0004                     __pintentry:	
   631                           ;incstack = 0
   632                           ; Regs used in _isr: [wreg+status,2+status,0]
   633                           
   634  0004                     interrupt_function:
   635  007E                     saved_w	set	btemp
   636  0004  00FE               	movwf	btemp
   637  0005  0E03               	swapf	3,w
   638  0006  00F2               	movwf	??_isr+2
   639  0007  080A               	movf	10,w
   640  0008  00F3               	movwf	??_isr+3
   641  0009  120A  118A  284C   	ljmp	_isr
   642                           
   643                           	psect	idloc
   644                           
   645                           ;Config register IDLOC0 @ 0x2000
   646                           ;	unspecified, using default values
   647  2000                     	org	8192
   648  2000  3FFF               	dw	16383
   649                           
   650                           ;Config register IDLOC1 @ 0x2001
   651                           ;	unspecified, using default values
   652  2001                     	org	8193
   653  2001  3FFF               	dw	16383
   654                           
   655                           ;Config register IDLOC2 @ 0x2002
   656                           ;	unspecified, using default values
   657  2002                     	org	8194
   658  2002  3FFF               	dw	16383
   659                           
   660                           ;Config register IDLOC3 @ 0x2003
   661                           ;	unspecified, using default values
   662  2003                     	org	8195
   663  2003  3FFF               	dw	16383
   664                           
   665                           	psect	config
   666                           
   667                           ;Config register CONFIG1 @ 0x2007
   668                           ;	Oscillator Selection bits
   669                           ;	FOSC = INTRC_NOCLKOUT, INTOSCIO oscillator: I/O function on RA6/OSC2/CLKOUT pin, I/O f
      +                          unction on RA7/OSC1/CLKIN
   670                           ;	Watchdog Timer Enable bit
   671                           ;	WDTE = OFF, WDT disabled and can be enabled by SWDTEN bit of the WDTCON register
   672                           ;	Power-up Timer Enable bit
   673                           ;	PWRTE = OFF, PWRT disabled
   674                           ;	RE3/MCLR pin function select bit
   675                           ;	MCLRE = OFF, RE3/MCLR pin function is digital input, MCLR internally tied to VDD
   676                           ;	Code Protection bit
   677                           ;	CP = OFF, Program memory code protection is disabled
   678                           ;	Data Code Protection bit
   679                           ;	CPD = OFF, Data memory code protection is disabled
   680                           ;	Brown Out Reset Selection bits
   681                           ;	BOREN = OFF, BOR disabled
   682                           ;	Internal External Switchover bit
   683                           ;	IESO = OFF, Internal/External Switchover mode is disabled
   684                           ;	Fail-Safe Clock Monitor Enabled bit
   685                           ;	FCMEN = OFF, Fail-Safe Clock Monitor is disabled
   686                           ;	Low Voltage Programming Enable bit
   687                           ;	LVP = OFF, RB3 pin has digital I/O, HV on MCLR must be used for programming
   688                           ;	In-Circuit Debugger Mode bit
   689                           ;	DEBUG = 0x1, unprogrammed default
   690  2007                     	org	8199
   691  2007  20D4               	dw	8404
   692                           
   693                           ;Config register CONFIG2 @ 0x2008
   694                           ;	Brown-out Reset Selection bit
   695                           ;	BOR4V = BOR40V, Brown-out Reset set to 4.0V
   696                           ;	Flash Program Memory Self Write Enable bits
   697                           ;	WRT = OFF, Write protection off
   698  2008                     	org	8200
   699  2008  3FFF               	dw	16383

Data Sizes:
    Strings     0
    Constant    0
    Data        0
    BSS         2
    Persistent  0
    Stack       0

Auto Spaces:
    Space          Size  Autos    Used
    COMMON           14      4       6
    BANK0            80      0       0
    BANK1            80      0       0
    BANK3            96      0       0
    BANK2            96      0       0

Pointer List with Targets:

    None.

Critical Paths under _main in COMMON

    None.

Critical Paths under _isr in COMMON

    None.

Critical Paths under _main in BANK0

    None.

Critical Paths under _isr in BANK0

    None.

Critical Paths under _main in BANK1

    None.

Critical Paths under _isr in BANK1

    None.

Critical Paths under _main in BANK3

    None.

Critical Paths under _isr in BANK3

    None.

Critical Paths under _main in BANK2

    None.

Critical Paths under _isr in BANK2

    None.

Call Graph Tables:

 ---------------------------------------------------------------------------------
 (Depth) Function   	        Calls       Base Space   Used Autos Params    Refs
 ---------------------------------------------------------------------------------
 (0) _main                                                 0     0      0       0
                              _setup
 ---------------------------------------------------------------------------------
 (1) _setup                                                0     0      0       0
 ---------------------------------------------------------------------------------
 Estimated maximum stack depth 1
 ---------------------------------------------------------------------------------
 (Depth) Function   	        Calls       Base Space   Used Autos Params    Refs
 ---------------------------------------------------------------------------------
 (2) _isr                                                  4     4      0       0
                                              0 COMMON     4     4      0
 ---------------------------------------------------------------------------------
 Estimated maximum stack depth 2
 ---------------------------------------------------------------------------------

 Call Graph Graphs:

 _main (ROOT)
   _setup

 _isr (ROOT)

 Address spaces:
Name               Size   Autos  Total    Cost      Usage
BITCOMMON            E      0       0       0        0.0%
EEDATA             100      0       0       0        0.0%
NULL                 0      0       0       0        0.0%
CODE                 0      0       0       0        0.0%
COMMON               E      4       6       1       42.9%
BITSFR0              0      0       0       1        0.0%
SFR0                 0      0       0       1        0.0%
BITSFR1              0      0       0       2        0.0%
SFR1                 0      0       0       2        0.0%
STACK                0      0       0       2        0.0%
ABS                  0      0       6       3        0.0%
BITBANK0            50      0       0       4        0.0%
BITSFR3              0      0       0       4        0.0%
SFR3                 0      0       0       4        0.0%
BANK0               50      0       0       5        0.0%
BITSFR2              0      0       0       5        0.0%
SFR2                 0      0       0       5        0.0%
BITBANK1            50      0       0       6        0.0%
BANK1               50      0       0       7        0.0%
BITBANK3            60      0       0       8        0.0%
BANK3               60      0       0       9        0.0%
BITBANK2            60      0       0      10        0.0%
BANK2               60      0       0      11        0.0%
DATA                 0      0       6      12        0.0%


Microchip Technology PIC Macro Assembler V2.35 build 20211206165544 
Symbol Table                                                                                   Thu May 12 00:43:08 2022

            _SSPSTATbits 0094                       l62 0088                       l63 0088  
                     l68 004B                      l700 0049                      l702 004A  
                    l722 0083                      l660 0015                      l670 002D  
                    l662 0019                      l680 0039                      l672 002E  
                    l664 001D                      l690 003F                      l682 003A  
                    l674 0034                      l666 0024                      l692 0041  
                    l684 003B                      l676 0035                      l668 0027  
                    l694 0042                      l686 003C                      l678 0036  
                    l696 0043                      l688 003D                      l698 0046  
                    _isr 004C                     ?_isr 0070                     i1l54 006A  
                   i1l57 007C                     i1l49 0062                     u1_20 0050  
                   u1_21 004F                     u2_20 0056                     u2_21 0055  
                   u3_20 005E                     u3_21 005D                     u4_20 0068  
                   u4_21 0067                     u5_20 0070                     u5_21 006F  
                   u6_27 0074                     _main 0083                     btemp 007E  
                   start 000C                    ??_isr 0070                    ?_main 0070  
                  _ANSEL 0188                    i1l710 005A                    i1l720 0079  
                  i1l712 005E                    i1l704 004C                    i1l714 0060  
                  i1l706 0050                    i1l716 0068                    i1l708 0056  
                  i1l718 0070                    _PORTA 0005                    _PORTC 0007  
                  _TRISA 0085                    _TRISC 0087                    _setup 0015  
                  pclath 000A                    status 0003                    wtemp0 007E  
        __initialization 000F             __end_of_main 008C                   ??_main 0074  
                 ?_setup 0070                   _ANSELH 0189                   _SSPBUF 0013  
                 saved_w 007E  __end_of__initialization 0011           __pcstackCOMMON 0070  
          __end_of_setup 004C           _OPTION_REGbits 0081                  ??_setup 0074  
             __pmaintext 0083               __pintentry 0004               _cont_slave 0075  
                __ptext1 0015                  __ptext2 004C     end_of_initialization 0011  
              _PORTBbits 0006                _TRISBbits 0086      start_initialization 000F  
            __end_of_isr 0083              __pbssCOMMON 0074                ___latbits 0002  
      interrupt_function 0004                 _IOCBbits 0096                 _PIE1bits 008C  
               _PIR1bits 000C                 _WPUBbits 0095             _val_temporal 0074  
             _INTCONbits 000B                 intlevel1 0000               _OSCCONbits 008F  
             _SSPCONbits 0014  
